Found
Found
Clicked 

Found
Oneplus 11r
FoundGo
FoundGo
Clicked Go
Go
Found OnePlus 11R 5G (Galactic Silver, 16GB RAM, 256GB Storage)
FoundOnePlus 11R 5G (Galactic Silver, 16GB RAM, 256GB Storage)
Found OnePlus 11R 5G (Galactic Silver, 16GB RAM, 256GB Storage)
FoundOnePlus 11R 5G (Galactic Silver, 16GB RAM, 256GB Storage)
Clicked OnePlus 11R 5G (Galactic Silver, 16GB RAM, 256GB Storage)
OnePlus 11R 5G (Galactic Silver, 16GB RAM, 256GB Storage)null
Found OnePlus 11R 5G (Galactic Silver, 16GB RAM, 256GB Storage)
FoundOnePlus 11R 5G (Galactic Silver, 16GB RAM, 256GB Storage)
Found Today's Deals
FoundToday's Deals
Found Today's Deals
FoundToday's Deals
Clicked Today's Deals
Today's Dealsnull
Found
Found
Clicked 

Found
Oneplus 11r
FoundGo
FoundGo
Clicked Go
Go
Found OnePlus 11R 5G (Galactic Silver, 16GB RAM, 256GB Storage)
FoundOnePlus 11R 5G (Galactic Silver, 16GB RAM, 256GB Storage)
Found OnePlus 11R 5G (Galactic Silver, 16GB RAM, 256GB Storage)
FoundOnePlus 11R 5G (Galactic Silver, 16GB RAM, 256GB Storage)
Clicked OnePlus 11R 5G (Galactic Silver, 16GB RAM, 256GB Storage)
OnePlus 11R 5G (Galactic Silver, 16GB RAM, 256GB Storage)null
FoundAdd to Cart
FoundAdd to Cart
Clicked Add to Cart
Add to Cart
Found     Cart   
Found
Found Cart
FoundCart
Clicked Cart
Cartnull
Found OnePlus 11R 5G (Galactic Silver, 16GB RAM, 256GB Storage)
FoundOnePlus 11R 5G (Galactic Silver, 16GB RAM, 256GB Storage)
Found Today's Deals
FoundToday's Deals
Found Today's Deals
FoundToday's Deals
Clicked Today's Deals
Today's Dealsnull
